{"timestamp":"2025-12-11T02:24:08.162586Z","level":"info","event":"DAG bundles loaded: dags-folder, example_dags","logger":"airflow.dag_processing.bundles.manager.DagBundlesManager","filename":"manager.py","lineno":179}
{"timestamp":"2025-12-11T02:24:08.162847Z","level":"info","event":"Filling up the DagBag from /Users/chenjiexin/Desktop/try/airflow_home/dags/stock_news_sentiment_dag.py","logger":"airflow.models.dagbag.DagBag","filename":"dagbag.py","lineno":593}
{"timestamp":"2025-12-11T02:24:08.165691Z","level":"warning","event":"The `airflow.operators.python.PythonOperator` attribute is deprecated. Please use `'airflow.providers.standard.operators.python.PythonOperator'`.","category":"DeprecatedImportWarning","filename":"/Users/chenjiexin/Desktop/try/airflow_home/dags/stock_news_sentiment_dag.py","lineno":10,"logger":"py.warnings"}
{"timestamp":"2025-12-11T02:24:08.171847Z","level":"info","event":"Task instance is in running state","logger":"task.stdout"}
{"timestamp":"2025-12-11T02:24:08.171885Z","level":"info","event":" Previous state of the Task instance: TaskInstanceState.QUEUED","logger":"task.stdout"}
{"timestamp":"2025-12-11T02:24:08.172139Z","level":"info","event":"Current task name:clean_stocks","logger":"task.stdout"}
{"timestamp":"2025-12-11T02:24:08.172157Z","level":"info","event":"Dag name:stock_news_sentiment_pipeline","logger":"task.stdout"}
{"timestamp":"2025-12-11T02:24:08.172799Z","level":"info","event":"================================================================================","logger":"task.stdout"}
{"timestamp":"2025-12-11T02:24:08.172819Z","level":"info","event":"▶ Running script: /Users/chenjiexin/Desktop/try/src/1_cleaning/clean_stocks.py","logger":"task.stdout"}
{"timestamp":"2025-12-11T02:24:08.172833Z","level":"info","event":"================================================================================","logger":"task.stdout"}
{"timestamp":"2025-12-11T02:24:08.342728Z","level":"error","event":"/Users/chenjiexin/Desktop/try/src/1_cleaning/clean_stocks.py:39: FutureWarning: The previous implementation of stack is deprecated and will be removed in a future version of pandas. See the What's New notes for pandas 2.1.0 for details. Specify future_stack=True to adopt the new implementation and silence this warning.","logger":"task.stderr"}
{"timestamp":"2025-12-11T02:24:08.342791Z","level":"error","event":"  df_long = df_raw.stack(level=1).reset_index()","logger":"task.stderr"}
{"timestamp":"2025-12-11T02:24:08.354893Z","level":"info","event":"📥 Reading raw stocks from /Users/chenjiexin/Desktop/try/data/raw/stocks.csv","logger":"task.stdout"}
{"timestamp":"2025-12-11T02:24:08.354935Z","level":"info","event":"✅ Saved cleaned stocks to /Users/chenjiexin/Desktop/try/data/clean/stocks_clean.csv","logger":"task.stdout"}
{"timestamp":"2025-12-11T02:24:08.354957Z","level":"info","event":"date       date ticker        open  ...       close   adj_close       volume","logger":"task.stdout"}
{"timestamp":"2025-12-11T02:24:08.354972Z","level":"info","event":"0    2023-01-03   AAPL  130.279999  ...  125.070000  123.211197  112117500.0","logger":"task.stdout"}
{"timestamp":"2025-12-11T02:24:08.354986Z","level":"info","event":"1    2023-01-04   AAPL  126.889999  ...  126.360001  124.482033   89113600.0","logger":"task.stdout"}
{"timestamp":"2025-12-11T02:24:08.354999Z","level":"info","event":"2    2023-01-05   AAPL  127.129997  ...  125.019997  123.161949   80962700.0","logger":"task.stdout"}
{"timestamp":"2025-12-11T02:24:08.355012Z","level":"info","event":"3    2023-01-06   AAPL  126.010002  ...  129.619995  127.693542   87754700.0","logger":"task.stdout"}
{"timestamp":"2025-12-11T02:24:08.355025Z","level":"info","event":"4    2023-01-09   AAPL  130.470001  ...  130.149994  128.215714   70790800.0","logger":"task.stdout"}
{"timestamp":"2025-12-11T02:24:08.355046Z","level":"info","event":"","logger":"task.stdout"}
{"timestamp":"2025-12-11T02:24:08.355059Z","level":"info","event":"[5 rows x 8 columns]","logger":"task.stdout"}
{"timestamp":"2025-12-11T02:24:08.375373Z","level":"info","event":"✅ Finished src/1_cleaning/clean_stocks.py, return code = 0","logger":"task.stdout"}
{"timestamp":"2025-12-11T02:24:08.375571Z","level":"info","event":"Done. Returned value was: None","logger":"airflow.task.operators.airflow.providers.standard.operators.python.PythonOperator","filename":"python.py","lineno":217}
{"timestamp":"2025-12-11T02:24:08.380439Z","level":"info","event":"Task instance in success state","logger":"task.stdout"}
{"timestamp":"2025-12-11T02:24:08.380469Z","level":"info","event":" Previous state of the Task instance: TaskInstanceState.RUNNING","logger":"task.stdout"}
{"timestamp":"2025-12-11T02:24:08.380931Z","level":"info","event":"Task operator:<Task(PythonOperator): clean_stocks>","logger":"task.stdout"}
