{"timestamp":"2025-12-11T02:11:57.769610Z","level":"info","event":"DAG bundles loaded: dags-folder, example_dags","logger":"airflow.dag_processing.bundles.manager.DagBundlesManager","filename":"manager.py","lineno":179}
{"timestamp":"2025-12-11T02:11:57.769992Z","level":"info","event":"Filling up the DagBag from /Users/chenjiexin/Desktop/try/airflow_home/dags/stock_news_sentiment_dag.py","logger":"airflow.models.dagbag.DagBag","filename":"dagbag.py","lineno":593}
{"timestamp":"2025-12-11T02:11:57.773285Z","level":"warning","event":"The `airflow.operators.bash.BashOperator` attribute is deprecated. Please use `'airflow.providers.standard.operators.bash.BashOperator'`.","category":"DeprecatedImportWarning","filename":"/Users/chenjiexin/Desktop/try/airflow_home/dags/stock_news_sentiment_dag.py","lineno":3,"logger":"py.warnings"}
{"timestamp":"2025-12-11T02:11:57.785832Z","level":"info","event":"Task instance is in running state","logger":"task.stdout"}
{"timestamp":"2025-12-11T02:11:57.785915Z","level":"info","event":" Previous state of the Task instance: TaskInstanceState.QUEUED","logger":"task.stdout"}
{"timestamp":"2025-12-11T02:11:57.786373Z","level":"info","event":"Current task name:run_full_pipeline","logger":"task.stdout"}
{"timestamp":"2025-12-11T02:11:57.786406Z","level":"info","event":"Dag name:stock_news_sentiment_pipeline","logger":"task.stdout"}
{"timestamp":"2025-12-11T02:11:57.786629Z","level":"info","event":"Tmp dir root location: /var/folders/9k/k703k5_935n_tjxyyrglt7sh0000gn/T","logger":"airflow.task.hooks.airflow.providers.standard.hooks.subprocess.SubprocessHook","filename":"subprocess.py","lineno":78}
{"timestamp":"2025-12-11T02:11:57.787096Z","level":"info","event":"Running command: ['/bin/bash', '-c', 'cd /Users/chenjiexin/Desktop/try && python stock_news_sentiment_pipeline.py']","logger":"airflow.task.hooks.airflow.providers.standard.hooks.subprocess.SubprocessHook","filename":"subprocess.py","lineno":80}
{"timestamp":"2025-12-11T02:11:57.791186Z","level":"info","event":"Output:","logger":"airflow.task.hooks.airflow.providers.standard.hooks.subprocess.SubprocessHook","filename":"subprocess.py","lineno":92}
{"timestamp":"2025-12-11T02:11:58.063927Z","level":"info","event":"Traceback (most recent call last):","logger":"airflow.task.hooks.airflow.providers.standard.hooks.subprocess.SubprocessHook","filename":"subprocess.py","lineno":99}
{"timestamp":"2025-12-11T02:11:58.064015Z","level":"info","event":"  File \"/Users/chenjiexin/Desktop/try/stock_news_sentiment_pipeline.py\", line 2, in <module>","logger":"airflow.task.hooks.airflow.providers.standard.hooks.subprocess.SubprocessHook","filename":"subprocess.py","lineno":99}
{"timestamp":"2025-12-11T02:11:58.064058Z","level":"info","event":"    from airflow import DAG","logger":"airflow.task.hooks.airflow.providers.standard.hooks.subprocess.SubprocessHook","filename":"subprocess.py","lineno":99}
{"timestamp":"2025-12-11T02:11:58.064078Z","level":"info","event":"  File \"/Users/chenjiexin/airflow311-venv/lib/python3.11/site-packages/airflow/__init__.py\", line 79, in <module>","logger":"airflow.task.hooks.airflow.providers.standard.hooks.subprocess.SubprocessHook","filename":"subprocess.py","lineno":99}
{"timestamp":"2025-12-11T02:11:58.064097Z","level":"info","event":"    settings.initialize()","logger":"airflow.task.hooks.airflow.providers.standard.hooks.subprocess.SubprocessHook","filename":"subprocess.py","lineno":99}
{"timestamp":"2025-12-11T02:11:58.064111Z","level":"info","event":"  File \"/Users/chenjiexin/airflow311-venv/lib/python3.11/site-packages/airflow/settings.py\", line 708, in initialize","logger":"airflow.task.hooks.airflow.providers.standard.hooks.subprocess.SubprocessHook","filename":"subprocess.py","lineno":99}
{"timestamp":"2025-12-11T02:11:58.064441Z","level":"info","event":"    configure_orm()","logger":"airflow.task.hooks.airflow.providers.standard.hooks.subprocess.SubprocessHook","filename":"subprocess.py","lineno":99}
{"timestamp":"2025-12-11T02:11:58.064473Z","level":"info","event":"  File \"/Users/chenjiexin/airflow311-venv/lib/python3.11/site-packages/airflow/settings.py\", line 404, in configure_orm","logger":"airflow.task.hooks.airflow.providers.standard.hooks.subprocess.SubprocessHook","filename":"subprocess.py","lineno":99}
{"timestamp":"2025-12-11T02:11:58.064498Z","level":"info","event":"    engine = create_engine(","logger":"airflow.task.hooks.airflow.providers.standard.hooks.subprocess.SubprocessHook","filename":"subprocess.py","lineno":99}
{"timestamp":"2025-12-11T02:11:58.064510Z","level":"info","event":"             ^^^^^^^^^^^^^^","logger":"airflow.task.hooks.airflow.providers.standard.hooks.subprocess.SubprocessHook","filename":"subprocess.py","lineno":99}
{"timestamp":"2025-12-11T02:11:58.064521Z","level":"info","event":"  File \"<string>\", line 2, in create_engine","logger":"airflow.task.hooks.airflow.providers.standard.hooks.subprocess.SubprocessHook","filename":"subprocess.py","lineno":99}
{"timestamp":"2025-12-11T02:11:58.064547Z","level":"info","event":"  File \"/Users/chenjiexin/airflow311-venv/lib/python3.11/site-packages/sqlalchemy/util/deprecations.py\", line 281, in warned","logger":"airflow.task.hooks.airflow.providers.standard.hooks.subprocess.SubprocessHook","filename":"subprocess.py","lineno":99}
{"timestamp":"2025-12-11T02:11:58.064663Z","level":"info","event":"    return fn(*args, **kwargs)  # type: ignore[no-any-return]","logger":"airflow.task.hooks.airflow.providers.standard.hooks.subprocess.SubprocessHook","filename":"subprocess.py","lineno":99}
{"timestamp":"2025-12-11T02:11:58.064683Z","level":"info","event":"           ^^^^^^^^^^^^^^^^^^^","logger":"airflow.task.hooks.airflow.providers.standard.hooks.subprocess.SubprocessHook","filename":"subprocess.py","lineno":99}
{"timestamp":"2025-12-11T02:11:58.064692Z","level":"info","event":"  File \"/Users/chenjiexin/airflow311-venv/lib/python3.11/site-packages/sqlalchemy/engine/create.py\", line 564, in create_engine","logger":"airflow.task.hooks.airflow.providers.standard.hooks.subprocess.SubprocessHook","filename":"subprocess.py","lineno":99}
{"timestamp":"2025-12-11T02:11:58.064942Z","level":"info","event":"    u = _url.make_url(url)","logger":"airflow.task.hooks.airflow.providers.standard.hooks.subprocess.SubprocessHook","filename":"subprocess.py","lineno":99}
{"timestamp":"2025-12-11T02:11:58.064957Z","level":"info","event":"        ^^^^^^^^^^^^^^^^^^","logger":"airflow.task.hooks.airflow.providers.standard.hooks.subprocess.SubprocessHook","filename":"subprocess.py","lineno":99}
{"timestamp":"2025-12-11T02:11:58.064969Z","level":"info","event":"  File \"/Users/chenjiexin/airflow311-venv/lib/python3.11/site-packages/sqlalchemy/engine/url.py\", line 856, in make_url","logger":"airflow.task.hooks.airflow.providers.standard.hooks.subprocess.SubprocessHook","filename":"subprocess.py","lineno":99}
{"timestamp":"2025-12-11T02:11:58.065225Z","level":"info","event":"    return _parse_url(name_or_url)","logger":"airflow.task.hooks.airflow.providers.standard.hooks.subprocess.SubprocessHook","filename":"subprocess.py","lineno":99}
{"timestamp":"2025-12-11T02:11:58.065240Z","level":"info","event":"           ^^^^^^^^^^^^^^^^^^^^^^^","logger":"airflow.task.hooks.airflow.providers.standard.hooks.subprocess.SubprocessHook","filename":"subprocess.py","lineno":99}
{"timestamp":"2025-12-11T02:11:58.065249Z","level":"info","event":"  File \"/Users/chenjiexin/airflow311-venv/lib/python3.11/site-packages/sqlalchemy/engine/url.py\", line 922, in _parse_url","logger":"airflow.task.hooks.airflow.providers.standard.hooks.subprocess.SubprocessHook","filename":"subprocess.py","lineno":99}
{"timestamp":"2025-12-11T02:11:58.065309Z","level":"info","event":"    raise exc.ArgumentError(","logger":"airflow.task.hooks.airflow.providers.standard.hooks.subprocess.SubprocessHook","filename":"subprocess.py","lineno":99}
{"timestamp":"2025-12-11T02:11:58.065321Z","level":"info","event":"sqlalchemy.exc.ArgumentError: Could not parse SQLAlchemy URL from given URL string","logger":"airflow.task.hooks.airflow.providers.standard.hooks.subprocess.SubprocessHook","filename":"subprocess.py","lineno":99}
{"timestamp":"2025-12-11T02:11:58.116757Z","level":"info","event":"Command exited with return code 1","logger":"airflow.task.hooks.airflow.providers.standard.hooks.subprocess.SubprocessHook","filename":"subprocess.py","lineno":103}
{"timestamp":"2025-12-11T02:11:58.117224Z","level":"error","event":"Task failed with exception","logger":"task","filename":"task_runner.py","lineno":986,"error_detail":[{"exc_type":"AirflowException","exc_value":"Bash command failed. The command returned a non-zero exit code 1.","exc_notes":[],"syntax_error":null,"is_cause":false,"frames":[{"filename":"/Users/chenjiexin/airflow311-venv/lib/python3.11/site-packages/airflow/sdk/execution_time/task_runner.py","lineno":934,"name":"run"},{"filename":"/Users/chenjiexin/airflow311-venv/lib/python3.11/site-packages/airflow/sdk/execution_time/task_runner.py","lineno":1325,"name":"_execute_task"},{"filename":"/Users/chenjiexin/airflow311-venv/lib/python3.11/site-packages/airflow/sdk/bases/operator.py","lineno":417,"name":"wrapper"},{"filename":"/Users/chenjiexin/airflow311-venv/lib/python3.11/site-packages/airflow/providers/standard/operators/bash.py","lineno":224,"name":"execute"}],"is_group":false,"exceptions":[]}]}
{"timestamp":"2025-12-11T02:11:58.117748Z","level":"info","event":"Task instance in failure state","logger":"task.stdout"}
{"timestamp":"2025-12-11T02:11:58.118543Z","level":"info","event":"Task start","logger":"task.stdout"}
{"timestamp":"2025-12-11T02:11:58.118570Z","level":"info","event":"Task:<Task(BashOperator): run_full_pipeline>","logger":"task.stdout"}
{"timestamp":"2025-12-11T02:11:58.118593Z","level":"info","event":"Failure caused by Bash command failed. The command returned a non-zero exit code 1.","logger":"task.stdout"}
