{"timestamp":"2025-12-11T02:16:13.664253Z","level":"info","event":"DAG bundles loaded: dags-folder, example_dags","logger":"airflow.dag_processing.bundles.manager.DagBundlesManager","filename":"manager.py","lineno":179}
{"timestamp":"2025-12-11T02:16:13.664693Z","level":"info","event":"Filling up the DagBag from /Users/chenjiexin/Desktop/try/airflow_home/dags/stock_news_sentiment_dag.py","logger":"airflow.models.dagbag.DagBag","filename":"dagbag.py","lineno":593}
{"timestamp":"2025-12-11T02:16:13.670027Z","level":"warning","event":"The `airflow.operators.python.PythonOperator` attribute is deprecated. Please use `'airflow.providers.standard.operators.python.PythonOperator'`.","category":"DeprecatedImportWarning","filename":"/Users/chenjiexin/Desktop/try/airflow_home/dags/stock_news_sentiment_dag.py","lineno":9,"logger":"py.warnings"}
{"timestamp":"2025-12-11T02:16:13.696764Z","level":"info","event":"Task instance is in running state","logger":"task.stdout"}
{"timestamp":"2025-12-11T02:16:13.696843Z","level":"info","event":" Previous state of the Task instance: TaskInstanceState.QUEUED","logger":"task.stdout"}
{"timestamp":"2025-12-11T02:16:13.697133Z","level":"info","event":"Current task name:make_dataset_news","logger":"task.stdout"}
{"timestamp":"2025-12-11T02:16:13.697158Z","level":"info","event":"Dag name:stock_news_sentiment_pipeline","logger":"task.stdout"}
{"timestamp":"2025-12-11T02:16:13.697871Z","level":"info","event":"================================================================================","logger":"task.stdout"}
{"timestamp":"2025-12-11T02:16:13.697897Z","level":"info","event":"▶ Running script: /Users/chenjiexin/Desktop/try/src/0_data/make_dataset_news.py","logger":"task.stdout"}
{"timestamp":"2025-12-11T02:16:13.697914Z","level":"info","event":"================================================================================","logger":"task.stdout"}
{"timestamp":"2025-12-11T02:16:13.923739Z","level":"error","event":"Traceback (most recent call last):","logger":"task.stderr"}
{"timestamp":"2025-12-11T02:16:13.923836Z","level":"error","event":"  File \"/Users/chenjiexin/Desktop/try/src/0_data/make_dataset_news.py\", line 208, in <module>","logger":"task.stderr"}
{"timestamp":"2025-12-11T02:16:13.923906Z","level":"error","event":"    main()","logger":"task.stderr"}
{"timestamp":"2025-12-11T02:16:13.923927Z","level":"error","event":"  File \"/Users/chenjiexin/Desktop/try/src/0_data/make_dataset_news.py\", line 163, in main","logger":"task.stderr"}
{"timestamp":"2025-12-11T02:16:13.923943Z","level":"error","event":"    raise ValueError(","logger":"task.stderr"}
{"timestamp":"2025-12-11T02:16:13.923957Z","level":"error","event":"ValueError: 环境变量 ALPHAVANTAGE_API_KEY 未设置，请先在终端中执行：","logger":"task.stderr"}
{"timestamp":"2025-12-11T02:16:13.923972Z","level":"error","event":"export ALPHAVANTAGE_API_KEY=\"你的_api_key\"","logger":"task.stderr"}
{"timestamp":"2025-12-11T02:16:13.950433Z","level":"error","event":"Task failed with exception","logger":"task","filename":"task_runner.py","lineno":1008,"error_detail":[{"exc_type":"CalledProcessError","exc_value":"Command '['/Users/chenjiexin/airflow311-venv/bin/python', '/Users/chenjiexin/Desktop/try/src/0_data/make_dataset_news.py']' returned non-zero exit status 1.","exc_notes":[],"syntax_error":null,"is_cause":false,"frames":[{"filename":"/Users/chenjiexin/airflow311-venv/lib/python3.11/site-packages/airflow/sdk/execution_time/task_runner.py","lineno":934,"name":"run"},{"filename":"/Users/chenjiexin/airflow311-venv/lib/python3.11/site-packages/airflow/sdk/execution_time/task_runner.py","lineno":1325,"name":"_execute_task"},{"filename":"/Users/chenjiexin/airflow311-venv/lib/python3.11/site-packages/airflow/sdk/bases/operator.py","lineno":417,"name":"wrapper"},{"filename":"/Users/chenjiexin/airflow311-venv/lib/python3.11/site-packages/airflow/providers/standard/operators/python.py","lineno":215,"name":"execute"},{"filename":"/Users/chenjiexin/airflow311-venv/lib/python3.11/site-packages/airflow/providers/standard/operators/python.py","lineno":238,"name":"execute_callable"},{"filename":"/Users/chenjiexin/airflow311-venv/lib/python3.11/site-packages/airflow/sdk/execution_time/callback_runner.py","lineno":82,"name":"run"},{"filename":"/Users/chenjiexin/Desktop/try/airflow_home/dags/stock_news_sentiment_dag.py","lineno":30,"name":"run_script"},{"filename":"/opt/homebrew/Cellar/python@3.11/3.11.14_1/Frameworks/Python.framework/Versions/3.11/lib/python3.11/subprocess.py","lineno":571,"name":"run"}],"is_group":false,"exceptions":[]}]}
{"timestamp":"2025-12-11T02:16:13.951250Z","level":"info","event":"Task instance in failure state","logger":"task.stdout"}
{"timestamp":"2025-12-11T02:16:13.951773Z","level":"info","event":"Task start","logger":"task.stdout"}
{"timestamp":"2025-12-11T02:16:13.951804Z","level":"info","event":"Task:<Task(PythonOperator): make_dataset_news>","logger":"task.stdout"}
{"timestamp":"2025-12-11T02:16:13.951823Z","level":"info","event":"Failure caused by Command '['/Users/chenjiexin/airflow311-venv/bin/python', '/Users/chenjiexin/Desktop/try/src/0_data/make_dataset_news.py']' returned non-zero exit status 1.","logger":"task.stdout"}
