{"timestamp":"2025-12-11T02:09:19.313434Z","level":"info","event":"DAG bundles loaded: dags-folder, example_dags","logger":"airflow.dag_processing.bundles.manager.DagBundlesManager","filename":"manager.py","lineno":179}
{"timestamp":"2025-12-11T02:09:19.313653Z","level":"info","event":"Filling up the DagBag from /Users/chenjiexin/Desktop/try/airflow_home/dags/stock_news_sentiment_dag.py","logger":"airflow.models.dagbag.DagBag","filename":"dagbag.py","lineno":593}
{"timestamp":"2025-12-11T02:09:19.317309Z","level":"warning","event":"The `airflow.operators.bash.BashOperator` attribute is deprecated. Please use `'airflow.providers.standard.operators.bash.BashOperator'`.","category":"DeprecatedImportWarning","filename":"/Users/chenjiexin/Desktop/try/airflow_home/dags/stock_news_sentiment_dag.py","lineno":3,"logger":"py.warnings"}
{"timestamp":"2025-12-11T02:09:19.335354Z","level":"info","event":"Task instance is in running state","logger":"task.stdout"}
{"timestamp":"2025-12-11T02:09:19.335426Z","level":"info","event":" Previous state of the Task instance: TaskInstanceState.QUEUED","logger":"task.stdout"}
{"timestamp":"2025-12-11T02:09:19.335858Z","level":"info","event":"Current task name:run_full_pipeline","logger":"task.stdout"}
{"timestamp":"2025-12-11T02:09:19.335879Z","level":"info","event":"Dag name:stock_news_sentiment_pipeline","logger":"task.stdout"}
{"timestamp":"2025-12-11T02:09:19.337136Z","level":"info","event":"Tmp dir root location: /var/folders/9k/k703k5_935n_tjxyyrglt7sh0000gn/T","logger":"airflow.task.hooks.airflow.providers.standard.hooks.subprocess.SubprocessHook","filename":"subprocess.py","lineno":78}
{"timestamp":"2025-12-11T02:09:19.337675Z","level":"info","event":"Running command: ['/bin/bash', '-c', 'cd /Users/chenjiexin/Desktop/try && python stock_news_sentiment_pipeline.py']","logger":"airflow.task.hooks.airflow.providers.standard.hooks.subprocess.SubprocessHook","filename":"subprocess.py","lineno":80}
{"timestamp":"2025-12-11T02:09:19.341122Z","level":"info","event":"Output:","logger":"airflow.task.hooks.airflow.providers.standard.hooks.subprocess.SubprocessHook","filename":"subprocess.py","lineno":92}
{"timestamp":"2025-12-11T02:09:19.601419Z","level":"info","event":"Traceback (most recent call last):","logger":"airflow.task.hooks.airflow.providers.standard.hooks.subprocess.SubprocessHook","filename":"subprocess.py","lineno":99}
{"timestamp":"2025-12-11T02:09:19.601528Z","level":"info","event":"  File \"/Users/chenjiexin/Desktop/try/stock_news_sentiment_pipeline.py\", line 1, in <module>","logger":"airflow.task.hooks.airflow.providers.standard.hooks.subprocess.SubprocessHook","filename":"subprocess.py","lineno":99}
{"timestamp":"2025-12-11T02:09:19.601565Z","level":"info","event":"    from airflow import DAG","logger":"airflow.task.hooks.airflow.providers.standard.hooks.subprocess.SubprocessHook","filename":"subprocess.py","lineno":99}
{"timestamp":"2025-12-11T02:09:19.601581Z","level":"info","event":"  File \"/Users/chenjiexin/airflow311-venv/lib/python3.11/site-packages/airflow/__init__.py\", line 79, in <module>","logger":"airflow.task.hooks.airflow.providers.standard.hooks.subprocess.SubprocessHook","filename":"subprocess.py","lineno":99}
{"timestamp":"2025-12-11T02:09:19.602097Z","level":"info","event":"    settings.initialize()","logger":"airflow.task.hooks.airflow.providers.standard.hooks.subprocess.SubprocessHook","filename":"subprocess.py","lineno":99}
{"timestamp":"2025-12-11T02:09:19.602118Z","level":"info","event":"  File \"/Users/chenjiexin/airflow311-venv/lib/python3.11/site-packages/airflow/settings.py\", line 708, in initialize","logger":"airflow.task.hooks.airflow.providers.standard.hooks.subprocess.SubprocessHook","filename":"subprocess.py","lineno":99}
{"timestamp":"2025-12-11T02:09:19.602473Z","level":"info","event":"    configure_orm()","logger":"airflow.task.hooks.airflow.providers.standard.hooks.subprocess.SubprocessHook","filename":"subprocess.py","lineno":99}
{"timestamp":"2025-12-11T02:09:19.602489Z","level":"info","event":"  File \"/Users/chenjiexin/airflow311-venv/lib/python3.11/site-packages/airflow/settings.py\", line 404, in configure_orm","logger":"airflow.task.hooks.airflow.providers.standard.hooks.subprocess.SubprocessHook","filename":"subprocess.py","lineno":99}
{"timestamp":"2025-12-11T02:09:19.602545Z","level":"info","event":"    engine = create_engine(","logger":"airflow.task.hooks.airflow.providers.standard.hooks.subprocess.SubprocessHook","filename":"subprocess.py","lineno":99}
{"timestamp":"2025-12-11T02:09:19.602558Z","level":"info","event":"             ^^^^^^^^^^^^^^","logger":"airflow.task.hooks.airflow.providers.standard.hooks.subprocess.SubprocessHook","filename":"subprocess.py","lineno":99}
{"timestamp":"2025-12-11T02:09:19.602567Z","level":"info","event":"  File \"<string>\", line 2, in create_engine","logger":"airflow.task.hooks.airflow.providers.standard.hooks.subprocess.SubprocessHook","filename":"subprocess.py","lineno":99}
{"timestamp":"2025-12-11T02:09:19.602577Z","level":"info","event":"  File \"/Users/chenjiexin/airflow311-venv/lib/python3.11/site-packages/sqlalchemy/util/deprecations.py\", line 281, in warned","logger":"airflow.task.hooks.airflow.providers.standard.hooks.subprocess.SubprocessHook","filename":"subprocess.py","lineno":99}
{"timestamp":"2025-12-11T02:09:19.602716Z","level":"info","event":"    return fn(*args, **kwargs)  # type: ignore[no-any-return]","logger":"airflow.task.hooks.airflow.providers.standard.hooks.subprocess.SubprocessHook","filename":"subprocess.py","lineno":99}
{"timestamp":"2025-12-11T02:09:19.602729Z","level":"info","event":"           ^^^^^^^^^^^^^^^^^^^","logger":"airflow.task.hooks.airflow.providers.standard.hooks.subprocess.SubprocessHook","filename":"subprocess.py","lineno":99}
{"timestamp":"2025-12-11T02:09:19.602741Z","level":"info","event":"  File \"/Users/chenjiexin/airflow311-venv/lib/python3.11/site-packages/sqlalchemy/engine/create.py\", line 564, in create_engine","logger":"airflow.task.hooks.airflow.providers.standard.hooks.subprocess.SubprocessHook","filename":"subprocess.py","lineno":99}
{"timestamp":"2025-12-11T02:09:19.603037Z","level":"info","event":"    u = _url.make_url(url)","logger":"airflow.task.hooks.airflow.providers.standard.hooks.subprocess.SubprocessHook","filename":"subprocess.py","lineno":99}
{"timestamp":"2025-12-11T02:09:19.603063Z","level":"info","event":"        ^^^^^^^^^^^^^^^^^^","logger":"airflow.task.hooks.airflow.providers.standard.hooks.subprocess.SubprocessHook","filename":"subprocess.py","lineno":99}
{"timestamp":"2025-12-11T02:09:19.603075Z","level":"info","event":"  File \"/Users/chenjiexin/airflow311-venv/lib/python3.11/site-packages/sqlalchemy/engine/url.py\", line 856, in make_url","logger":"airflow.task.hooks.airflow.providers.standard.hooks.subprocess.SubprocessHook","filename":"subprocess.py","lineno":99}
{"timestamp":"2025-12-11T02:09:19.603405Z","level":"info","event":"    return _parse_url(name_or_url)","logger":"airflow.task.hooks.airflow.providers.standard.hooks.subprocess.SubprocessHook","filename":"subprocess.py","lineno":99}
{"timestamp":"2025-12-11T02:09:19.603422Z","level":"info","event":"           ^^^^^^^^^^^^^^^^^^^^^^^","logger":"airflow.task.hooks.airflow.providers.standard.hooks.subprocess.SubprocessHook","filename":"subprocess.py","lineno":99}
{"timestamp":"2025-12-11T02:09:19.603433Z","level":"info","event":"  File \"/Users/chenjiexin/airflow311-venv/lib/python3.11/site-packages/sqlalchemy/engine/url.py\", line 922, in _parse_url","logger":"airflow.task.hooks.airflow.providers.standard.hooks.subprocess.SubprocessHook","filename":"subprocess.py","lineno":99}
{"timestamp":"2025-12-11T02:09:19.603514Z","level":"info","event":"    raise exc.ArgumentError(","logger":"airflow.task.hooks.airflow.providers.standard.hooks.subprocess.SubprocessHook","filename":"subprocess.py","lineno":99}
{"timestamp":"2025-12-11T02:09:19.603529Z","level":"info","event":"sqlalchemy.exc.ArgumentError: Could not parse SQLAlchemy URL from given URL string","logger":"airflow.task.hooks.airflow.providers.standard.hooks.subprocess.SubprocessHook","filename":"subprocess.py","lineno":99}
{"timestamp":"2025-12-11T02:09:19.659534Z","level":"info","event":"Command exited with return code 1","logger":"airflow.task.hooks.airflow.providers.standard.hooks.subprocess.SubprocessHook","filename":"subprocess.py","lineno":103}
{"timestamp":"2025-12-11T02:09:19.660306Z","level":"error","event":"Task failed with exception","logger":"task","filename":"task_runner.py","lineno":986,"error_detail":[{"exc_type":"AirflowException","exc_value":"Bash command failed. The command returned a non-zero exit code 1.","exc_notes":[],"syntax_error":null,"is_cause":false,"frames":[{"filename":"/Users/chenjiexin/airflow311-venv/lib/python3.11/site-packages/airflow/sdk/execution_time/task_runner.py","lineno":934,"name":"run"},{"filename":"/Users/chenjiexin/airflow311-venv/lib/python3.11/site-packages/airflow/sdk/execution_time/task_runner.py","lineno":1325,"name":"_execute_task"},{"filename":"/Users/chenjiexin/airflow311-venv/lib/python3.11/site-packages/airflow/sdk/bases/operator.py","lineno":417,"name":"wrapper"},{"filename":"/Users/chenjiexin/airflow311-venv/lib/python3.11/site-packages/airflow/providers/standard/operators/bash.py","lineno":224,"name":"execute"}],"is_group":false,"exceptions":[]}]}
{"timestamp":"2025-12-11T02:09:19.660955Z","level":"info","event":"Task instance in failure state","logger":"task.stdout"}
{"timestamp":"2025-12-11T02:09:19.661834Z","level":"info","event":"Task start","logger":"task.stdout"}
{"timestamp":"2025-12-11T02:09:19.661857Z","level":"info","event":"Task:<Task(BashOperator): run_full_pipeline>","logger":"task.stdout"}
{"timestamp":"2025-12-11T02:09:19.661873Z","level":"info","event":"Failure caused by Bash command failed. The command returned a non-zero exit code 1.","logger":"task.stdout"}
